# JRE version: OpenJDK Runtime Environment (17.0.6) (build 17.0.6+0-b2043.56-9586694)
# Java VM: OpenJDK 64-Bit Server VM (17.0.6+0-b2043.56-9586694, mixed mode, tiered, compressed oops, compressed class ptrs, g1 gc, windows-amd64)
GC Precious Log:
 CPUs: 4 total, 4 available
 Memory: 16319M
 Large Page Support: Disabled
 NUMA Support: Disabled
 Compressed Oops: Enabled (32-bit)
 Heap Region Size: 1M
 Heap Min Capacity: 8M
 Heap Initial Capacity: 256M
 Heap Max Capacity: 2G
 Pre-touch: Disabled
 Parallel Workers: 4
 Concurrent Workers: 1
 Concurrent Refinement Workers: 4
 Periodic GC: Disabled
Heap:
 garbage-first heap   total 342016K, used 138447K [0x0000000080000000, 0x0000000100000000)
  region size 1024K, 16 young (16384K), 2 survivors (2048K)
 Metaspace       used 128680K, committed 129664K, reserved 1163264K
  class space    used 17398K, committed 17856K, reserved 1048576K
GC Heap History (20 events):
Event: 220.208 GC heap before
{Heap before GC invocations=82 (full 0):
 garbage-first heap   total 235520K, used 142300K [0x0000000080000000, 0x0000000100000000)
  region size 1024K, 11 young (11264K), 4 survivors (4096K)
 Metaspace       used 122590K, committed 123392K, reserved 1163264K
  class space    used 16664K, committed 17024K, reserved 1048576K
}
Event: 220.212 GC heap after
{Heap after GC invocations=83 (full 0):
 garbage-first heap   total 235520K, used 132939K [0x0000000080000000, 0x0000000100000000)
  region size 1024K, 1 young (1024K), 1 survivors (1024K)
 Metaspace       used 122590K, committed 123392K, reserved 1163264K
  class space    used 16664K, committed 17024K, reserved 1048576K
}
Event: 220.592 GC heap before
{Heap before GC invocations=83 (full 0):
 garbage-first heap   total 235520K, used 185163K [0x0000000080000000, 0x0000000100000000)
  region size 1024K, 54 young (55296K), 1 survivors (1024K)
 Metaspace       used 123042K, committed 123776K, reserved 1163264K
  class space    used 16680K, committed 17024K, reserved 1048576K
}
Event: 220.600 GC heap after
{Heap after GC invocations=84 (full 0):
 garbage-first heap   total 235520K, used 139136K [0x0000000080000000, 0x0000000100000000)
  region size 1024K, 7 young (7168K), 7 survivors (7168K)
 Metaspace       used 123042K, committed 123776K, reserved 1163264K
  class space    used 16680K, committed 17024K, reserved 1048576K
}
Event: 229.649 GC heap before
{Heap before GC invocations=85 (full 0):
 garbage-first heap   total 242688K, used 223104K [0x0000000080000000, 0x0000000100000000)
  region size 1024K, 57 young (58368K), 7 survivors (7168K)
 Metaspace       used 126157K, committed 126976K, reserved 1163264K
  class space    used 17166K, committed 17536K, reserved 1048576K
}
Event: 229.652 GC heap after
{Heap after GC invocations=86 (full 0):
 garbage-first heap   total 242688K, used 138479K [0x0000000080000000, 0x0000000100000000)
  region size 1024K, 2 young (2048K), 2 survivors (2048K)
 Metaspace       used 126157K, committed 126976K, reserved 1163264K
  class space    used 17166K, committed 17536K, reserved 1048576K
}
Event: 318.121 GC heap before
{Heap before GC invocations=86 (full 0):
 garbage-first heap   total 242688K, used 162031K [0x0000000080000000, 0x0000000100000000)
  region size 1024K, 11 young (11264K), 2 survivors (2048K)
 Metaspace       used 126812K, committed 127616K, reserved 1163264K
  class space    used 17264K, committed 17664K, reserved 1048576K
}
Event: 318.126 GC heap after
{Heap after GC invocations=87 (full 0):
 garbage-first heap   total 242688K, used 131676K [0x0000000080000000, 0x0000000100000000)
  region size 1024K, 1 young (1024K), 1 survivors (1024K)
 Metaspace       used 126812K, committed 127616K, reserved 1163264K
  class space    used 17264K, committed 17664K, reserved 1048576K
}
Event: 324.929 GC heap before
{Heap before GC invocations=87 (full 0):
 garbage-first heap   total 242688K, used 199260K [0x0000000080000000, 0x0000000100000000)
  region size 1024K, 67 young (68608K), 1 survivors (1024K)
 Metaspace       used 127523K, committed 128384K, reserved 1163264K
  class space    used 17290K, committed 17728K, reserved 1048576K
}
Event: 324.937 GC heap after
{Heap after GC invocations=88 (full 0):
 garbage-first heap   total 242688K, used 139886K [0x0000000080000000, 0x0000000100000000)
  region size 1024K, 9 young (9216K), 9 survivors (9216K)
 Metaspace       used 127523K, committed 128384K, reserved 1163264K
  class space    used 17290K, committed 17728K, reserved 1048576K
}
Event: 604.373 GC heap before
{Heap before GC invocations=89 (full 0):
 garbage-first heap   total 250880K, used 196206K [0x0000000080000000, 0x0000000100000000)
  region size 1024K, 66 young (67584K), 9 survivors (9216K)
 Metaspace       used 127920K, committed 128832K, reserved 1163264K
  class space    used 17317K, committed 17792K, reserved 1048576K
}
Event: 604.387 GC heap after
{Heap after GC invocations=90 (full 0):
 garbage-first heap   total 250880K, used 143996K [0x0000000080000000, 0x0000000100000000)
  region size 1024K, 7 young (7168K), 7 survivors (7168K)
 Metaspace       used 127920K, committed 128832K, reserved 1163264K
  class space    used 17317K, committed 17792K, reserved 1048576K
}
Event: 605.349 GC heap before
{Heap before GC invocations=90 (full 0):
 garbage-first heap   total 250880K, used 149116K [0x0000000080000000, 0x0000000100000000)
  region size 1024K, 12 young (12288K), 7 survivors (7168K)
 Metaspace       used 127978K, committed 128896K, reserved 1163264K
  class space    used 17318K, committed 17792K, reserved 1048576K
}
Event: 605.363 GC heap after
{Heap after GC invocations=91 (full 0):
 garbage-first heap   total 250880K, used 135390K [0x0000000080000000, 0x0000000100000000)
  region size 1024K, 2 young (2048K), 2 survivors (2048K)
 Metaspace       used 127978K, committed 128896K, reserved 1163264K
  class space    used 17318K, committed 17792K, reserved 1048576K
}
Event: 624.973 GC heap before
{Heap before GC invocations=91 (full 0):
 garbage-first heap   total 250880K, used 150750K [0x0000000080000000, 0x0000000100000000)
  region size 1024K, 19 young (19456K), 2 survivors (2048K)
 Metaspace       used 128039K, committed 128960K, reserved 1163264K
  class space    used 17318K, committed 17792K, reserved 1048576K
}
Event: 628.095 GC heap after
{Heap after GC invocations=92 (full 0):
 garbage-first heap   total 250880K, used 137014K [0x0000000080000000, 0x0000000100000000)
  region size 1024K, 4 young (4096K), 4 survivors (4096K)
 Metaspace       used 128039K, committed 128960K, reserved 1163264K
  class space    used 17318K, committed 17792K, reserved 1048576K
}
Event: 681.469 GC heap before
{Heap before GC invocations=93 (full 0):
 garbage-first heap   total 342016K, used 205622K [0x0000000080000000, 0x0000000100000000)
  region size 1024K, 58 young (59392K), 4 survivors (4096K)
 Metaspace       used 128235K, committed 129152K, reserved 1163264K
  class space    used 17326K, committed 17792K, reserved 1048576K
}
Event: 681.848 GC heap after
{Heap after GC invocations=94 (full 0):
 garbage-first heap   total 342016K, used 132873K [0x0000000080000000, 0x0000000100000000)
  region size 1024K, 5 young (5120K), 5 survivors (5120K)
 Metaspace       used 128235K, committed 129152K, reserved 1163264K
  class space    used 17326K, committed 17792K, reserved 1048576K
}
Event: 695.698 GC heap before
{Heap before GC invocations=94 (full 0):
 garbage-first heap   total 342016K, used 144137K [0x0000000080000000, 0x0000000100000000)
  region size 1024K, 16 young (16384K), 5 survivors (5120K)
 Metaspace       used 128292K, committed 129216K, reserved 1163264K
  class space    used 17336K, committed 17792K, reserved 1048576K
}
Event: 697.613 GC heap after
{Heap after GC invocations=95 (full 0):
 garbage-first heap   total 342016K, used 125135K [0x0000000080000000, 0x0000000100000000)
  region size 1024K, 2 young (2048K), 2 survivors (2048K)
 Metaspace       used 128292K, committed 129216K, reserved 1163264K
  class space    used 17336K, committed 17792K, reserved 1048576K
}

